<?xml version="1.0" encoding="UTF-8"?>
<!-- Generated by org.testng.reporters.JUnitReportReporter -->
<testsuite hostname="DESKTOP-899R5I1" failures="0" tests="3" name="PracticeProgram.DataProviderEx2" time="87.614" errors="0" timestamp="2024-07-09T20:18:37 IST" skipped="0">
  <testcase classname="PracticeProgram.DataProviderEx2" name="createOrganization" time="18.231"/>
  <testcase classname="PracticeProgram.DataProviderEx2" name="createOrganization" time="51.708"/>
  <testcase classname="PracticeProgram.DataProviderEx2" name="createOrganization" time="17.675"/>
</testsuite> <!-- PracticeProgram.DataProviderEx2 -->
