<?xml version="1.0" encoding="UTF-8"?>
<!-- Generated by org.testng.reporters.JUnitReportReporter -->
<testsuite hostname="DESKTOP-899R5I1" failures="0" tests="1" name="Campaigns.CreateCampaignsTest" time="24.034" errors="0" timestamp="2024-07-18T19:34:55 IST" skipped="0">
  <testcase classname="Campaigns.CreateCampaignsTest" name="createCampaignsTest" time="24.034"/>
  <system-out/>
</testsuite> <!-- Campaigns.CreateCampaignsTest -->
