<?xml version="1.0" encoding="UTF-8"?>
<!-- Generated by org.testng.reporters.JUnitReportReporter -->
<testsuite hostname="DESKTOP-899R5I1" failures="0" tests="1" name="Campaigns.CreateCampaignWithProductTest" time="26.727" errors="0" timestamp="2024-07-13T19:05:21 IST" skipped="0">
  <testcase classname="Campaigns.CreateCampaignWithProductTest" name="createCampaignWithProductTest" time="26.727"/>
  <system-out/>
</testsuite> <!-- Campaigns.CreateCampaignWithProductTest -->
