<?xml version="1.0" encoding="UTF-8"?>
<!-- Generated by org.testng.reporters.JUnitReportReporter -->
<testsuite hostname="DESKTOP-899R5I1" failures="0" tests="1" name="Organization.CreateOrganizationsTest" time="21.156" errors="0" timestamp="2024-07-13T18:55:32 IST" skipped="0">
  <testcase classname="Organization.CreateOrganizationsTest" name="createOrganizationsTest" time="21.156"/>
  <system-out/>
</testsuite> <!-- Organization.CreateOrganizationsTest -->
