<?xml version="1.0" encoding="UTF-8"?>
<!-- Generated by org.testng.reporters.JUnitReportReporter -->
<testsuite hostname="DESKTOP-899R5I1" failures="0" tests="1" name="PracticeProgram.TestNGPracticeTest" time="0.030" errors="0" timestamp="2024-07-08T20:15:45 IST" skipped="0">
  <testcase classname="PracticeProgram.TestNGPracticeTest" name="createContactTest" time="0.030"/>
</testsuite> <!-- PracticeProgram.TestNGPracticeTest -->
